T0BC8 1324:849 SEGGER J-Link V6.48a Log File (0000ms, 7353ms total)
T0BC8 1324:849 DLL Compiled: Jul 30 2019 15:16:09 (0000ms, 7353ms total)
T0BC8 1324:849 Logging started @ 2022-04-04 16:26 (0000ms, 7353ms total)
T0BC8 1324:849 JLINK_ExecCommand("device = ATSAML21J16B", ...). Device "ATSAML21J16" selected.  returns 0x00 (0003ms, 7356ms total)
T0BC8 1324:852 JLINK_GetHWStatus(...)  returns 0x00 (0000ms, 7356ms total)
T0BC8 1324:852 JLINK_ClrRESET() (0001ms, 7357ms total)
T0BC8 1324:858 JLINK_SetRESET() (0000ms, 7357ms total)
T0BC8 1324:868 JLINK_ClrRESET() (0000ms, 7357ms total)
T0BC8 1324:878 JLINK_ClrTCK()  returns 0x00 (0000ms, 7357ms total)
T0BC8 1324:885 JLINK_SetRESET() (0000ms, 7357ms total)
T0BC8 1324:892 JLINK_Clock()  returns 0x00 (0000ms, 7357ms total)
T0BC8 1324:898 JLINK_TIF_Select(JLINKARM_TIF_SWD)  returns 0x00 (0000ms, 7357ms total)
T0BC8 1324:898 JLINK_SetSpeed(50) (0000ms, 7357ms total)
T0BC8 1324:898 JLINK_CORESIGHT_Configure() >0x10B TIF> >0x0D TIF> >0x28 TIF> >0x0D TIF> >0x28 TIF>  returns 0 (0010ms, 7367ms total)
T0BC8 1324:908 JLINK_CORESIGHT_WriteAPDPReg(DP reg 0x02, 0x00000000) >0x0D TIF> >0x28 TIF>  returns 0 (0002ms, 7369ms total)
T0BC8 1324:910 JLINK_CORESIGHT_WriteAPDPReg(AP reg 0x00, 0x23000040) >0x0D TIF> >0x28 TIF>  returns 0 (0001ms, 7370ms total)
T0BC8 1324:911 JLINK_CORESIGHT_WriteAPDPReg(AP reg 0x01, 0x41002101) >0x0D TIF> >0x30 TIF> >0x0D TIF> >0x28 TIF>  returns 1 (0004ms, 7374ms total)
T0BC8 1324:915 JLINK_CORESIGHT_ReadAPDPReg(AP reg 0x03) >0x0D TIF> >0x30 TIF> >0x0D TIF> >0x21 TIF> >0x0D TIF> >0x30 TIF> >0x0D TIF> >0x21 TIF> -- Value=0x00000000  returns 1 (0005ms, 7379ms total)
T0BC8 1324:920 JLINK_Halt()InitTarget() >0x10B TIF> >0x0D TIF> >0x28 TIF> >0x0D TIF> >0x28 TIF> >0x0D TIF> >0x28 TIF> >0x0D TIF> >0x28 TIF> >0x0D TIF> >0x21 TIF> >0x0D TIF> >0x28 TIF> >0x0D TIF> >0x28 TIF> >0x0D TIF> >0x28 TIF> >0x0D TIF> >0x21 TIF> >0x0D TIF> >0x21 TIF> >0x0D TIF> >0x28 TIF> >0x0D TIF> >0x28 TIF> >0x0D TIF> >0x28 TIF> >0x0D TIF> >0x28 TIF> >0x0D TIF> >0x28 TIF> >0x0D TIF> >0x28 TIF> >0x0D TIF> >0x21 TIF> >0x0D TIF> >0x21 TIF> >0x0D TIF> >0x28 TIF> >0x0D TIF> >0x28 TIF> >0x10B TIF>
Found SW-DP with ID 0x0BC11477 >0x0D TIF> >0x28 TIF> >0x0D TIF> >0x28 TIF> >0x0D TIF> >0x28 TIF> >0x0D TIF> >0x28 TIF> >0x0D TIF> >0x21 TIF> >0x0D TIF> >0x28 TIF>Scanning AP map to find all available APs >0x0D TIF> >0x28 TIF> >0x0D TIF> >0x21 TIF> >0x0D TIF> >0x21 TIF> >0x0D TIF> >0x28 TIF> >0x0D TIF> >0x21 TIF> >0x0D TIF> >0x21 TIF>AP[1]: Stopped AP scan as end of AP map has been reachedAP[0]: AHB-AP (IDR: 0x04770031)Iterating through AP map to find AHB-AP to use >0x42 TIF> >0x28 TIF> >0x0D TIF>
 >0x28 TIF> >0x0D TIF> >0x21 TIF> >0x0D TIF> >0x21 TIF> >0x42 TIF> >0x28 TIF> >0x0D TIF> >0x28 TIF> >0x0D TIF> >0x28 TIF> >0x0D TIF> >0x21 TIF> >0x0D TIF> >0x21 TIF>AP[0]: Core foundAP[0]: AHB-AP ROM base: 0x41003000 >0x0D TIF> >0x28 TIF> >0x0D TIF> >0x28 TIF> >0x0D TIF> >0x28 TIF> >0x0D TIF> >0x21 TIF> >0x0D TIF> >0x21 TIF>CPUID register: 0x410CC601. Implementer code: 0x41 (ARM)Found Cortex-M0 r0p1, Little endian. -- Max. mem block: 0x000023B8 -- CPU_ReadMem(4 bytes @ 0xE000EDF0)
 -- CPU_ReadMem(4 bytes @ 0xE0002000)FPUnit: 4 code (BP) slots and 0 literal slots -- CPU_ReadMem(4 bytes @ 0xE000EDFC) -- CPU_ReadMem(4 bytes @ 0xE0001000) -- CPU_WriteMem(4 bytes @ 0xE0001000)CoreSight components:ROMTbl[0] @ 41003000 -- CPU_ReadMem(16 bytes @ 0x41003000) -- CPU_ReadMem(16 bytes @ 0xE00FFFF0) -- CPU_ReadMem(16 bytes @ 0xE00FFFE0)ROMTbl[0][0]: E00FF000, CID: B105100D, PID: 000BB4C0 ROM TableROMTbl[1] @ E00FF000 -- CPU_ReadMem(16 bytes @ 0xE00FF000) -- CPU_ReadMem(16 bytes @ 0xE000EFF0)
 -- CPU_ReadMem(16 bytes @ 0xE000EFE0)ROMTbl[1][0]: E000E000, CID: B105E00D, PID: 000BB008 SCS -- CPU_ReadMem(16 bytes @ 0xE0001FF0) -- CPU_ReadMem(16 bytes @ 0xE0001FE0)ROMTbl[1][1]: E0001000, CID: B105E00D, PID: 000BB00A DWT -- CPU_ReadMem(16 bytes @ 0xE0002FF0) -- CPU_ReadMem(16 bytes @ 0xE0002FE0)ROMTbl[1][2]: E0002000, CID: B105E00D, PID: 000BB00B FPB -- CPU_ReadMem(16 bytes @ 0x41006FF0) -- CPU_ReadMem(16 bytes @ 0x41006FE0)ROMTbl[0][1]: 41006000, CID: B105900D, PID: 001BB932 MTB-M0+  returns 0x00
 (0387ms, 7766ms total)
T0BC8 1325:307 JLINK_EraseChip()Old firmware which does not support pausing periodic actions during flash download -- CPU_ReadMem(4 bytes @ 0x41006004) -- CPU_ReadMem(4 bytes @ 0xE000ED90) -- -------------------------------------- -- Start of determining dirty areas -- End of determining dirty areas -- Start of preparing flash programming -- Calculating RAM usage -- RAM usage = 3828 Bytes -- Preserving CPU registers -- Preparing memory -- Preparing target -- Downloading RAMCode -- Checking target RAM
 -- Preparing RAMCode -- End of preparing flash programming -- CPU speed could not be measured. -- Start of erasing sectors -- Erasing range 0x00000000 - 0x00007FFF (128 Sectors, 32 KB) -- Erasing range 0x00008000 - 0x0000FFFF (128 Sectors, 32 KB) -- End of erasing sectors -- Start of restoring -- Restoring RAMCode -- Restore target -- Restore memory -- Restoring CPU registers -- End of restoring
 -- Total time needed: 1.241s (Prepare: 0.799s, Compare: 0.000s, Erase: 0.350s, Program: 0.000s, Verify: 0.000s, Restore: 0.091s) -- -------------------------------------- -- Start of determining dirty areas -- End of determining dirty areas -- Start of preparing flash programming -- Calculating RAM usage -- RAM usage = 2324 Bytes -- Preserving CPU registers -- Preparing memory -- Preparing target -- Downloading RAMCode -- Checking target RAM -- Preparing RAMCode -- End of preparing flash programming
 -- CPU speed could not be measured. -- Start of erasing sectors -- Erasing range 0x00804000 - 0x008040FF (  1 Sector, 256 Bytes) -- End of erasing sectors -- Start of restoring -- Restoring RAMCode -- Restore target -- Restore memory -- Restoring CPU registers -- End of restoring -- Total time needed: 0.919s (Prepare: 0.803s, Compare: 0.000s, Erase: 0.025s, Program: 0.000s, Verify: 0.000s, Restore: 0.090s)  returns 0 (2178ms, 9944ms total)
T0BC8 1327:492 JLINK_ExecCommand("Device = ATSAML21J16B", ...). Device "ATSAML21J16" selected.  returns 0x00 (0004ms, 9948ms total)
T0BC8 1327:496 JLINK_TIF_Select(JLINKARM_TIF_SWD)  returns 0x00 (0000ms, 9948ms total)
T0BC8 1327:496 JLINK_SetSpeed(4000) (0000ms, 9948ms total)
T0BC8 1327:496 JLINK_ResetPullsRESET(OFF) (0000ms, 9948ms total)
T0BC8 1327:496 JLINK_Connect()InitTarget() >0x10B TIF> >0x0D TIF> >0x28 TIF> >0x0D TIF> >0x28 TIF> >0x0D TIF> >0x28 TIF> >0x0D TIF> >0x28 TIF> >0x0D TIF> >0x21 TIF> >0x0D TIF> >0x28 TIF> >0x0D TIF> >0x28 TIF> >0x0D TIF> >0x28 TIF> >0x0D TIF> >0x21 TIF> >0x0D TIF> >0x21 TIF> >0x10B TIF>Found SW-DP with ID 0x0BC11477 >0x0D TIF> >0x28 TIF> >0x0D TIF> >0x28 TIF> >0x0D TIF> >0x28 TIF> >0x0D TIF> >0x28 TIF> >0x0D TIF> >0x21 TIF> >0x0D TIF> >0x28 TIF>AP map detection skipped. Manually configured AP map found.
AP[0]: AHB-AP (IDR: Not set) >0x42 TIF> >0x28 TIF> >0x0D TIF> >0x28 TIF> >0x0D TIF> >0x21 TIF> >0x0D TIF> >0x21 TIF> >0x42 TIF> >0x28 TIF> >0x0D TIF> >0x28 TIF> >0x0D TIF> >0x28 TIF> >0x0D TIF> >0x21 TIF> >0x0D TIF> >0x21 TIF>AP[0]: Core foundAP[0]: AHB-AP ROM base: 0x41003000 >0x0D TIF> >0x28 TIF> >0x0D TIF> >0x28 TIF> >0x0D TIF> >0x28 TIF> >0x0D TIF> >0x21 TIF> >0x0D TIF> >0x21 TIF>CPUID register: 0x410CC601. Implementer code: 0x41 (ARM)Found Cortex-M0 r0p1, Little endian. -- Max. mem block: 0x00002338
 -- CPU_ReadMem(4 bytes @ 0xE000EDF0) -- CPU_ReadMem(4 bytes @ 0xE0002000)FPUnit: 4 code (BP) slots and 0 literal slots -- CPU_ReadMem(4 bytes @ 0xE000EDFC) -- CPU_ReadMem(4 bytes @ 0xE0001000)CoreSight components:ROMTbl[0] @ 41003000 -- CPU_ReadMem(16 bytes @ 0x41003000) -- CPU_ReadMem(16 bytes @ 0xE00FFFF0) -- CPU_ReadMem(16 bytes @ 0xE00FFFE0)ROMTbl[0][0]: E00FF000, CID: B105100D, PID: 000BB4C0 ROM TableROMTbl[1] @ E00FF000 -- CPU_ReadMem(16 bytes @ 0xE00FF000) -- CPU_ReadMem(16 bytes @ 0xE000EFF0)
 -- CPU_ReadMem(16 bytes @ 0xE000EFE0)ROMTbl[1][0]: E000E000, CID: B105E00D, PID: 000BB008 SCS -- CPU_WriteMem(4 bytes @ 0xE0001000) -- CPU_ReadMem(16 bytes @ 0xE0001FF0) -- CPU_ReadMem(16 bytes @ 0xE0001FE0)ROMTbl[1][1]: E0001000, CID: B105E00D, PID: 000BB00A DWT -- CPU_ReadMem(16 bytes @ 0xE0002FF0) -- CPU_ReadMem(16 bytes @ 0xE0002FE0)ROMTbl[1][2]: E0002000, CID: B105E00D, PID: 000BB00B FPB -- CPU_ReadMem(16 bytes @ 0x41006FF0) -- CPU_ReadMem(16 bytes @ 0x41006FE0)
ROMTbl[0][1]: 41006000, CID: B105900D, PID: 001BB932 MTB-M0+  returns 0x00 (0127ms, 10075ms total)
T0BC8 1327:623 JLINK_Halt()  returns 0x00 (0000ms, 10075ms total)
T0BC8 1327:625 JLINK_JTAG_GetDeviceID(DeviceIndex = 0)  returns 0x00 (0000ms, 10075ms total)
T0BC8 1327:625 JLINK_ReadMemU32(0x41002018, 0x0001 Items, ...) -- CPU_ReadMem(4 bytes @ 0x41002018) - Data: 11 02 81 10  returns 1 (0001ms, 10076ms total)
T1B80 1327:635 JLINK_IsHalted()  returns TRUE (0000ms, 10076ms total)
T1B80 1327:635 JLINK_GetMOEs(...) -- CPU_ReadMem(4 bytes @ 0xE000ED30)  returns 0x01 (0000ms, 10076ms total)
T1B80 1327:635 JLINK_ReadReg(R15 (PC))  returns 0x00004250 (0000ms, 10076ms total)
T0BC8 1327:650 JLINK_BeginDownload(Flags = 0x00) (0000ms, 10076ms total)
T0BC8 1327:650 JLINK_WriteMem(0x00000000, 0x48F4 Bytes, ...) - Data: 88 0E 00 20 51 42 00 00 4D 42 00 00 4D 42 00 00 ... -- Read from flash cache (18676 bytes @ 0x00000000)  returns 0x48F4 (0001ms, 10077ms total)
T0BC8 1327:651 JLINK_WriteMem(0x000048F4, 0x00DC Bytes, ...) - Data: 40 1F 00 00 08 00 00 00 7D 12 00 00 BD 12 00 00 ... -- Read from flash cache (220 bytes @ 0x000048F4)  returns 0xDC (0000ms, 10077ms total)
T0BC8 1327:660 JLINK_EndDownload()Old firmware which does not support pausing periodic actions during flash download -- CPU_ReadMem(4 bytes @ 0x41006004) -- CPU_ReadMem(4 bytes @ 0xE000ED90) -- -------------------------------------- -- Start of determining dirty areas in flash cache -- End of determining dirty areas -- Start of preparing flash programming -- Calculating RAM usage -- RAM usage = 3828 Bytes -- Preserving CPU registers -- Preparing memory -- Preparing target
 -- Preserving target RAM temporarily used for programming -- Downloading RAMCode -- Checking target RAM -- Preparing RAMCode -- End of preparing flash programming -- CPU speed could not be measured. -- Start of comparing flash -- CRC check was estimated as fastest method -- Comparing range 0x0000 - 0x49FF (74 Sectors, 18 KB), using multi-block CRC calculation -- CRC does not match for sectors 0-73 -- End of comparing flash -- Start of erasing sectors -- End of erasing sectors
 -- Start of flash programming -- Programming range 0x00000000 - 0x000049FF ( 74 Sectors, 18 KB) -- End of flash programming -- 0x0000 - 0x49FF ( 74 Sectors, 18 KB) -- Start of verifying flash -- Use CRC or checksum calculation as verify method -- End of verifying flash -- Start of restoring -- Restoring RAMCode -- Restoring target memory -- Restore target -- Restore memory -- Restoring CPU registers -- End of restoring -- Bank 0 @ 0x00000000: 1 range affected (18944 bytes)
 -- Total time needed: 0.300s (Prepare: 0.064s, Compare: 0.018s, Erase: 0.000s, Program: 0.177s, Verify: 0.005s, Restore: 0.033s)  returns 0x4A00 (0303ms, 10380ms total)
T0BC8 1327:964 JLINK_SetResetType(JLINKARM_CM3_RESET_TYPE_NORMAL)  returns JLINKARM_CM3_RESET_TYPE_NORMAL (0000ms, 10381ms total)
T0BC8 1327:964 JLINK_Reset() -- CPU_ReadMem(4 bytes @ 0x20000000) -- CPU_WriteMem(4 bytes @ 0x20000000) -- CPU_ReadMem(4 bytes @ 0xE000EDFC) -- CPU_WriteMem(4 bytes @ 0xE000EDFC) -- CPU_WriteMem(4 bytes @ 0xE000ED0C) -- CPU_ReadMem(4 bytes @ 0xE000EDF0) -- CPU_ReadMem(4 bytes @ 0x41002100) -- CPU_WriteMem(4 bytes @ 0xE000EDFC) -- CPU_WriteMem(4 bytes @ 0xE0002000) -- CPU_ReadMem(4 bytes @ 0xE000EDFC) -- CPU_ReadMem(4 bytes @ 0xE0001000) -- CPU_WriteMem(4 bytes @ 0xE0001000) (0009ms, 10390ms total)
T1B80 1328:040 JLINK_IsHalted()  returns TRUE (0000ms, 10390ms total)
T3044 1328:092 JLINK_Halt()  returns 0x00 (0000ms, 10390ms total)
T3044 1328:093 JLINK_ReadReg(R15 (PC))  returns 0x00004250 (0000ms, 10390ms total)
T3044 1328:093 JLINK_ReadReg(R13 (SP))  returns 0x20000E88 (0000ms, 10390ms total)
T3044 1328:097 JLINK_ReadMemHW(0x00004250, 0x0004 Bytes, ...) -- CPU_ReadMem(4 bytes @ 0x00004250) - Data: 10 B5 1A 4A  returns 0x00 (0000ms, 10390ms total)
T3044 1328:097 JLINK_ReadReg(R0)  returns 0x00000000 (0000ms, 10390ms total)
T3044 1328:097 JLINK_ReadReg(R1)  returns 0x00000000 (0000ms, 10390ms total)
T3044 1328:097 JLINK_ReadReg(R2)  returns 0x00000000 (0000ms, 10390ms total)
T3044 1328:097 JLINK_ReadReg(R3)  returns 0x9447866B (0000ms, 10390ms total)
T3044 1328:097 JLINK_ReadReg(R4)  returns 0x20000664 (0000ms, 10390ms total)
T3044 1328:097 JLINK_ReadReg(R5)  returns 0x20000684 (0000ms, 10390ms total)
T3044 1328:097 JLINK_ReadReg(R6)  returns 0x20000684 (0000ms, 10390ms total)
T3044 1328:097 JLINK_ReadReg(R7)  returns 0x20000290 (0000ms, 10390ms total)
T3044 1328:097 JLINK_ReadReg(R8)  returns 0x40002800 (0000ms, 10390ms total)
T3044 1328:097 JLINK_ReadReg(R9)  returns 0x20000364 (0000ms, 10390ms total)
T3044 1328:097 JLINK_ReadReg(R10)  returns 0x20000290 (0000ms, 10390ms total)
T3044 1328:097 JLINK_ReadReg(R11)  returns 0x000011C1 (0000ms, 10390ms total)
T3044 1328:097 JLINK_ReadReg(R12)  returns 0x200005D8 (0000ms, 10390ms total)
T3044 1328:097 JLINK_ReadReg(R13 (SP))  returns 0x20000E88 (0000ms, 10390ms total)
T3044 1328:097 JLINK_ReadReg(R14)  returns 0x2000032F (0000ms, 10390ms total)
T3044 1328:098 JLINK_ReadReg(R15 (PC))  returns 0x00004250 (0000ms, 10391ms total)
T3044 1328:098 JLINK_ReadReg(XPSR)  returns 0x61000000 (0000ms, 10391ms total)
T3044 1328:098 JLINK_ReadReg(MSP)  returns 0x20000E88 (0000ms, 10391ms total)
T3044 1328:098 JLINK_ReadReg(PSP)  returns 0x00070614 (0000ms, 10391ms total)
T3044 1328:098 JLINK_ReadReg(PRIMASK)  returns 0x00000000 (0000ms, 10391ms total)
T3044 1328:098 JLINK_ReadReg(BASEPRI)  returns 0x00000000 (0000ms, 10391ms total)
T3044 1328:098 JLINK_ReadReg(FAULTMASK)  returns 0x00000000 (0000ms, 10391ms total)
T3044 1328:098 JLINK_ReadReg(CONTROL)  returns 0x00000000 (0000ms, 10391ms total)
T3044 1328:098 JLINK_ReadMemHW(0x00004250, 0x0002 Bytes, ...) -- CPU_ReadMem(2 bytes @ 0x00004250) - Data: 10 B5  returns 0x00 (0001ms, 10392ms total)
T3044 1328:150 JLINK_ReadReg(R0)  returns 0x00000000 (0000ms, 10392ms total)
T3044 1328:150 JLINK_ReadReg(R1)  returns 0x00000000 (0000ms, 10392ms total)
T3044 1328:150 JLINK_ReadReg(R2)  returns 0x00000000 (0000ms, 10392ms total)
T3044 1328:150 JLINK_ReadReg(R3)  returns 0x9447866B (0000ms, 10392ms total)
T3044 1328:150 JLINK_ReadReg(R4)  returns 0x20000664 (0000ms, 10392ms total)
T3044 1328:150 JLINK_ReadReg(R5)  returns 0x20000684 (0000ms, 10392ms total)
T3044 1328:150 JLINK_ReadReg(R6)  returns 0x20000684 (0000ms, 10392ms total)
T3044 1328:150 JLINK_ReadReg(R7)  returns 0x20000290 (0000ms, 10392ms total)
T3044 1328:150 JLINK_ReadReg(R8)  returns 0x40002800 (0000ms, 10392ms total)
T3044 1328:150 JLINK_ReadReg(R9)  returns 0x20000364 (0000ms, 10392ms total)
T3044 1328:150 JLINK_ReadReg(R10)  returns 0x20000290 (0000ms, 10392ms total)
T3044 1328:150 JLINK_ReadReg(R11)  returns 0x000011C1 (0001ms, 10393ms total)
T3044 1328:151 JLINK_ReadReg(R12)  returns 0x200005D8 (0000ms, 10393ms total)
T3044 1328:151 JLINK_ReadReg(R13 (SP))  returns 0x20000E88 (0000ms, 10393ms total)
T3044 1328:151 JLINK_ReadReg(R14)  returns 0x2000032F (0000ms, 10393ms total)
T3044 1328:151 JLINK_ReadReg(R15 (PC))  returns 0x00004250 (0000ms, 10393ms total)
T3044 1328:151 JLINK_ReadReg(XPSR)  returns 0x61000000 (0000ms, 10393ms total)
T3044 1328:151 JLINK_ReadReg(MSP)  returns 0x20000E88 (0000ms, 10393ms total)
T3044 1328:151 JLINK_ReadReg(PSP)  returns 0x00070614 (0000ms, 10393ms total)
T3044 1328:151 JLINK_ReadReg(PRIMASK)  returns 0x00000000 (0000ms, 10393ms total)
T3044 1328:151 JLINK_ReadReg(BASEPRI)  returns 0x00000000 (0000ms, 10393ms total)
T3044 1328:151 JLINK_ReadReg(FAULTMASK)  returns 0x00000000 (0000ms, 10393ms total)
T3044 1328:151 JLINK_ReadReg(CONTROL)  returns 0x00000000 (0000ms, 10393ms total)
T3044 1328:162 JLINK_ReadMemHW(0x00004250, 0x0004 Bytes, ...) -- CPU_ReadMem(4 bytes @ 0x00004250) - Data: 10 B5 1A 4A  returns 0x00 (0001ms, 10394ms total)
T3044 1328:184 JLINK_SetResetType(JLINKARM_CM3_RESET_TYPE_NORMAL)  returns JLINKARM_CM3_RESET_TYPE_NORMAL (0000ms, 10394ms total)
T3044 1328:184 JLINK_Reset() -- CPU_ReadMem(4 bytes @ 0xE000EDFC) -- CPU_WriteMem(4 bytes @ 0xE000EDFC) -- CPU_WriteMem(4 bytes @ 0xE000ED0C) -- CPU_ReadMem(4 bytes @ 0xE000EDF0) -- CPU_ReadMem(4 bytes @ 0x41002100) -- CPU_WriteMem(4 bytes @ 0xE000EDFC) -- CPU_WriteMem(4 bytes @ 0xE0002000) -- CPU_ReadMem(4 bytes @ 0xE000EDFC) -- CPU_ReadMem(4 bytes @ 0xE0001000) -- CPU_WriteMem(4 bytes @ 0xE0001000) (0007ms, 10401ms total)
T1B80 1328:191 JLINK_IsHalted()  returns TRUE (0000ms, 10401ms total)
T1B80 1328:191 JLINK_GetMOEs(...) -- CPU_ReadMem(4 bytes @ 0xE000ED30)  returns 0x01 (0001ms, 10402ms total)
T1B80 1328:192 JLINK_ReadReg(R15 (PC))  returns 0x00004250 (0000ms, 10402ms total)
T3044 1328:201 JLINK_ReadReg(R15 (PC))  returns 0x00004250 (0000ms, 10402ms total)
T3044 1328:201 JLINK_ReadReg(R13 (SP))  returns 0x20000E88 (0000ms, 10402ms total)
T3044 1328:201 JLINK_ReadMemHW(0x00004250, 0x0004 Bytes, ...) -- CPU_ReadMem(4 bytes @ 0x00004250) - Data: 10 B5 1A 4A  returns 0x00 (0001ms, 10403ms total)
T3044 1328:261 JLINK_ReadMemHW(0x000042E8, 0x0001 Bytes, ...) -- CPU_ReadMem(1 bytes @ 0x000042E8) - Data: 10  returns 0x00 (0001ms, 10404ms total)
T3044 1328:309 JLINK_ReadReg(R15 (PC))  returns 0x00004250 (0000ms, 10404ms total)
T3044 1328:309 JLINK_GetNumBPUnits(Type = 0xFFFFFF02)  returns 0x04 (0000ms, 10404ms total)
T3044 1328:309 JLINK_SetBPEx(Addr = 0x000042E8, Type = 0xFFFFFFF2)  returns 0x00000001 (0001ms, 10405ms total)
T3044 1328:310 JLINK_GetBPInfo(BPHandle = 1)  returns 0x00 (0000ms, 10405ms total)
T3044 1328:310 JLINK_Go() -- CPU_WriteMem(4 bytes @ 0xE0002000) -- CPU_ReadMem(4 bytes @ 0xE0001000) -- CPU_WriteMem(4 bytes @ 0xE000ED30) -- CPU_WriteMem(4 bytes @ 0xE0001000) -- CPU_WriteMem(4 bytes @ 0xE0002008) -- CPU_WriteMem(4 bytes @ 0xE000200C) -- CPU_WriteMem(4 bytes @ 0xE0002010) -- CPU_WriteMem(4 bytes @ 0xE0002014) -- CPU_WriteMem(4 bytes @ 0xE0001004) (0004ms, 10409ms total)
T1B80 1328:314 JLINK_IsHalted() -- CPU_ReadMem(4 bytes @ 0x41002100)  returns FALSE (0001ms, 10410ms total)
T1B80 1328:336 JLINK_IsHalted()  returns TRUE (0002ms, 10411ms total)
T1B80 1328:338 JLINK_GetMOEs(...) -- CPU_ReadMem(4 bytes @ 0xE000ED30)  returns 0x01 (0000ms, 10409ms total)
T1B80 1328:338 JLINK_ReadReg(R15 (PC))  returns 0x000042E8 (0000ms, 10409ms total)
T3044 1328:345 JLINK_ReadReg(R15 (PC))  returns 0x000042E8 (0000ms, 10409ms total)
T3044 1328:345 JLINK_ReadReg(R13 (SP))  returns 0x20000E80 (0000ms, 10409ms total)
T3044 1328:345 JLINK_ReadMemHW(0x000042E8, 0x0004 Bytes, ...) -- CPU_ReadMem(4 bytes @ 0x000042E8) - Data: 10 B5 01 22  returns 0x00 (0001ms, 10410ms total)
T0BC8 1328:470 JLINK_ReadMemHW(0x00000000, 0x00F0 Bytes, ...) -- CPU_ReadMem(240 bytes @ 0x00000000) - Data: 88 0E 00 20 51 42 00 00 4D 42 00 00 4D 42 00 00 ...  returns 0x00 (0003ms, 10413ms total)
T0BC8 1328:538 JLINK_ReadMemHW(0x000000F0, 0x003C Bytes, ...) -- CPU_ReadMem(60 bytes @ 0x000000F0) - Data: 00 2B 00 D1 10 BD 06 4B 00 2B FB D0 98 47 F9 E7 ...  returns 0x00 (0001ms, 10414ms total)
T1B80 1328:542 JLINK_IsHalted()  returns TRUE (0000ms, 10414ms total)
T0BC8 1328:546 JLINK_ReadMemHW(0x0000012C, 0x005A Bytes, ...) -- CPU_ReadMem(90 bytes @ 0x0000012C) - Data: 70 BD 04 4B 98 47 2C 00 F9 E7 C0 46 F9 00 00 20 ...  returns 0x00 (0001ms, 10415ms total)
T1B80 1328:745 JLINK_IsHalted()  returns TRUE (0000ms, 10415ms total)
T3044 1328:761 JLINK_ReadMemHW(0x000042E8, 0x0001 Bytes, ...) -- CPU_ReadMem(1 bytes @ 0x000042E8) - Data: 10  returns 0x00 (0001ms, 10416ms total)
T1B80 1328:948 JLINK_IsHalted()  returns TRUE (0000ms, 10416ms total)
T1B80 1329:149 JLINK_IsHalted()  returns TRUE (0000ms, 10416ms total)
T1B80 1329:350 JLINK_IsHalted()  returns TRUE (0000ms, 10416ms total)
T1B80 1329:551 JLINK_IsHalted()  returns TRUE (0000ms, 10416ms total)
T1B80 1329:752 JLINK_IsHalted()  returns TRUE (0000ms, 10416ms total)
T1B80 1329:952 JLINK_IsHalted()  returns TRUE (0000ms, 10416ms total)
T0BC8 1330:023 JLINK_WriteU32(0xE000EDFC, 0x01000000) -- CPU_WriteMem(4 bytes @ 0xE000EDFC)  returns 0 (0001ms, 10417ms total)
T0BC8 1330:024 JLINK_ReadMem (0xE0001000, 0x0004 Bytes, ...) -- CPU_ReadMem(4 bytes @ 0xE0001000) - Data: 00 00 00 20  returns 0x00 (0000ms, 10417ms total)
T0BC8 1330:024 JLINK_WriteU32(0xE0001000, 0x20000001)  returns 0 (0000ms, 10417ms total)
T0BC8 1330:024 JLINK_WriteU32(0xE0001028, 0x00000100)  returns 0 (0000ms, 10417ms total)
T0BC8 1330:024 JLINK_ReadMem (0xE0001028, 0x0004 Bytes, ...) -- CPU_WriteMem(4 bytes @ 0xE0001028) -- CPU_ReadMem(4 bytes @ 0xE0001028) - Data: 00 00 00 00  returns 0x00 (0001ms, 10418ms total)
T0BC8 1330:025 JLINK_WriteU32(0xE0001024, 0x0000001F)  returns 0 (0000ms, 10418ms total)
T0BC8 1330:025 JLINK_ReadMem (0xE0001024, 0x0004 Bytes, ...) -- CPU_WriteMem(4 bytes @ 0xE0001024) -- CPU_ReadMem(4 bytes @ 0xE0001024) - Data: 1F 00 00 00  returns 0x00 (0001ms, 10419ms total)
T0BC8 1330:026 JLINK_WriteU32(0xE0001038, 0x00000100)  returns 0 (0000ms, 10419ms total)
T0BC8 1330:026 JLINK_ReadMem (0xE0001038, 0x0004 Bytes, ...) -- CPU_WriteMem(4 bytes @ 0xE0001038) -- CPU_ReadMem(4 bytes @ 0xE0001038) - Data: 00 00 00 00  returns 0x00 (0001ms, 10420ms total)
T0BC8 1330:027 JLINK_WriteU32(0xE0001034, 0x0000001F)  returns 0 (0000ms, 10420ms total)
T0BC8 1330:027 JLINK_ReadMem (0xE0001034, 0x0004 Bytes, ...) -- CPU_WriteMem(4 bytes @ 0xE0001034) -- CPU_ReadMem(4 bytes @ 0xE0001034) - Data: 1F 00 00 00  returns 0x00 (0001ms, 10421ms total)
T0BC8 1330:028 JLINK_WriteU32(0xE0001020, 0x00000000)  returns 0 (0000ms, 10421ms total)
T0BC8 1330:028 JLINK_WriteU32(0xE0001024, 0x00000000)  returns 0 (0000ms, 10421ms total)
T0BC8 1330:028 JLINK_WriteU32(0xE0001028, 0x00000000)  returns 0 (0000ms, 10421ms total)
T0BC8 1330:028 JLINK_WriteU32(0xE0001030, 0x00000000)  returns 0 (0000ms, 10421ms total)
T0BC8 1330:028 JLINK_WriteU32(0xE0001034, 0x00000000)  returns 0 (0000ms, 10421ms total)
T0BC8 1330:028 JLINK_WriteU32(0xE0001038, 0x00000000)  returns 0 (0000ms, 10421ms total)
T0BC8 1330:028 JLINK_GetBPInfo(BPHandle = 1)  returns 0x00 (0000ms, 10421ms total)
T0BC8 1330:028 JLINK_ClrBPEx(BPHandle = 0x00000001)  returns 0x00 (0000ms, 10421ms total)
T1B80 1330:153 JLINK_IsHalted()  returns TRUE (0000ms, 10421ms total)
T0BC8 1330:154 JLINK_ResetPullsRESET(ON) (0000ms, 10421ms total)
T0BC8 1330:154 JLINK_ResetNoHalt()InitTarget() >0x10B TIF> >0x0D TIF> >0x28 TIF> >0x0D TIF> >0x28 TIF> >0x0D TIF> >0x28 TIF> >0x0D TIF> >0x28 TIF> >0x0D TIF> >0x21 TIF> >0x0D TIF> >0x28 TIF> >0x0D TIF> >0x28 TIF> >0x0D TIF> >0x28 TIF> >0x0D TIF> >0x21 TIF> >0x0D TIF> >0x21 TIF> >0x10B TIF>Found SW-DP with ID 0x0BC11477 >0x0D TIF> >0x28 TIF> >0x0D TIF> >0x28 TIF> >0x0D TIF> >0x28 TIF> >0x0D TIF> >0x28 TIF> >0x0D TIF> >0x21 TIF> >0x0D TIF> >0x28 TIF>
AP map detection skipped. Manually configured AP map found.AP[0]: AHB-AP (IDR: Not set) >0x42 TIF> >0x28 TIF> >0x0D TIF> >0x28 TIF> >0x0D TIF> >0x21 TIF> >0x0D TIF> >0x21 TIF> >0x42 TIF> >0x28 TIF> >0x0D TIF> >0x28 TIF> >0x0D TIF> >0x28 TIF> >0x0D TIF> >0x21 TIF> >0x0D TIF> >0x21 TIF>AP[0]: Core foundAP[0]: AHB-AP ROM base: 0x41003000 >0x0D TIF> >0x28 TIF> >0x0D TIF> >0x28 TIF> >0x0D TIF> >0x28 TIF> >0x0D TIF> >0x21 TIF> >0x0D TIF> >0x21 TIF>CPUID register: 0x410CC601. Implementer code: 0x41 (ARM)
Found Cortex-M0 r0p1, Little endian. -- Max. mem block: 0x00002338 -- CPU_ReadMem(4 bytes @ 0xE000EDF0) -- CPU_ReadMem(4 bytes @ 0xE0002000)FPUnit: 4 code (BP) slots and 0 literal slots -- CPU_WriteMem(4 bytes @ 0xE0001000) -- CPU_ReadMem(4 bytes @ 0xE0001000)CoreSight components:ROMTbl[0] @ 41003000 -- CPU_ReadMem(16 bytes @ 0x41003000) -- CPU_ReadMem(16 bytes @ 0xE00FFFF0) -- CPU_ReadMem(16 bytes @ 0xE00FFFE0)ROMTbl[0][0]: E00FF000, CID: B105100D, PID: 000BB4C0 ROM TableROMTbl[1] @ E00FF000
 -- CPU_ReadMem(16 bytes @ 0xE00FF000) -- CPU_ReadMem(16 bytes @ 0xE000EFF0) -- CPU_ReadMem(16 bytes @ 0xE000EFE0)ROMTbl[1][0]: E000E000, CID: B105E00D, PID: 000BB008 SCS -- CPU_WriteMem(4 bytes @ 0xE0001000) -- CPU_WriteMem(4 bytes @ 0xE0001020) -- CPU_WriteMem(4 bytes @ 0xE0001030) -- CPU_WriteMem(4 bytes @ 0xE0001024) -- CPU_WriteMem(4 bytes @ 0xE0001034) -- CPU_WriteMem(4 bytes @ 0xE0001028) -- CPU_WriteMem(4 bytes @ 0xE0001038) -- CPU_ReadMem(16 bytes @ 0xE0001FF0)
 -- CPU_ReadMem(16 bytes @ 0xE0001FE0)ROMTbl[1][1]: E0001000, CID: B105E00D, PID: 000BB00A DWT -- CPU_ReadMem(16 bytes @ 0xE0002FF0) -- CPU_ReadMem(16 bytes @ 0xE0002FE0)ROMTbl[1][2]: E0002000, CID: B105E00D, PID: 000BB00B FPB -- CPU_ReadMem(16 bytes @ 0x41006FF0) -- CPU_ReadMem(16 bytes @ 0x41006FE0)ROMTbl[0][1]: 41006000, CID: B105900D, PID: 001BB932 MTB-M0+
                JLINK_Reset() -- CPU_ReadMem(4 bytes @ 0xE000EDFC) -- CPU_WriteMem(4 bytes @ 0xE000EDFC) -- CPU_WriteMem(4 bytes @ 0xE000ED0C) -- CPU_ReadMem(4 bytes @ 0xE000EDF0) -- CPU_ReadMem(4 bytes @ 0x41002100) -- CPU_WriteMem(4 bytes @ 0xE000EDFC) -- CPU_WriteMem(4 bytes @ 0xE0002000) -- CPU_ReadMem(4 bytes @ 0xE000EDFC) -- CPU_ReadMem(4 bytes @ 0xE0001000) -- CPU_WriteMem(4 bytes @ 0xE0001000) (0008ms, 0008ms total)
                JLINK_Go() -- CPU_ReadMem(4 bytes @ 0xE0001000) -- CPU_WriteMem(4 bytes @ 0xE0001000) -- CPU_WriteMem(4 bytes @ 0xE0002008) -- CPU_WriteMem(4 bytes @ 0xE000200C) -- CPU_WriteMem(4 bytes @ 0xE0002010) -- CPU_WriteMem(4 bytes @ 0xE0002014) -- CPU_WriteMem(4 bytes @ 0xE0001004) (0002ms, 0010ms total)
               (0136ms, 10557ms total)
T0BC8 1330:299 JLINK_Close() -- CPU is running -- CPU_WriteMem(4 bytes @ 0xE0002008) -- CPU is running -- CPU_WriteMem(4 bytes @ 0xE000200C) -- CPU is running -- CPU_WriteMem(4 bytes @ 0xE0002010) -- CPU is running -- CPU_WriteMem(4 bytes @ 0xE0002014) >0x0D TIF> >0x28 TIF> >0x0D TIF> >0x28 TIF> >0x0D TIF> >0x28 TIF> >0x0D TIF> >0x28 TIF> >0x0D TIF> >0x28 TIF> >0x0D TIF> >0x28 TIF> >0x0D TIF> >0x28 TIF> >0x0D TIF> >0x28 TIF> >0x0D TIF> >0x21 TIF> >0x0D TIF> >0x28 TIF> (0018ms, 10575ms total)
T0BC8 1330:299  (0018ms, 10575ms total)
T0BC8 1330:299 Closed (0018ms, 10575ms total)
